<?xml version="1.0" encoding="UTF-8"?>
<testsuite xmlns:xsi="http://www.w3.org/2001/XMLSchema-instance" xsi:noNamespaceSchemaLocation="https://maven.apache.org/surefire/maven-surefire-plugin/xsd/surefire-test-report.xsd" name="org.summerclounds.core.test.MJsonTest" time="0.072" tests="4" errors="0" skipped="0" failures="0">
  <properties>
[...]
</properties>
  <testcase name="testUtility" classname="org.summerclounds.core.test.MJsonTest" time="0.006"/>
  <testcase name="testJacksonTransformations" classname="org.summerclounds.core.test.MJsonTest" time="0.057"/>
  <testcase name="testSimpleTransformations" classname="org.summerclounds.core.test.MJsonTest" time="0.003"/>
  <testcase name="testSerializerTransformations" classname="org.summerclounds.core.test.MJsonTest" time="0.005"/>
</testsuite>