<?xml version="1.0" encoding="UTF-8"?>
<testsuite xmlns:xsi="http://www.w3.org/2001/XMLSchema-instance" xsi:noNamespaceSchemaLocation="https://maven.apache.org/surefire/maven-surefire-plugin/xsd/surefire-test-report.xsd" name="org.summerclouds.common.core.test.MCastTest" time="0.021" tests="9" errors="0" skipped="0" failures="0">
  <properties>
[...]
</properties>
  <testcase name="testCurrencyString" classname="org.summerclouds.common.core.test.MCastTest" time="0.001"/>
  <testcase name="testLocalFormating" classname="org.summerclouds.common.core.test.MCastTest" time="0.001"/>
  <testcase name="testDateTransform" classname="org.summerclouds.common.core.test.MCastTest" time="0.001"/>
  <testcase name="testLongToBytes" classname="org.summerclouds.common.core.test.MCastTest" time="0.001"/>
  <testcase name="testBinary" classname="org.summerclouds.common.core.test.MCastTest" time="0.002"/>
  <testcase name="testDouble" classname="org.summerclouds.common.core.test.MCastTest" time="0"/>
  <testcase name="testToDate" classname="org.summerclouds.common.core.test.MCastTest" time="0.011"/>
  <testcase name="testGenericTypeCast" classname="org.summerclouds.common.core.test.MCastTest" time="0.003"/>
  <testcase name="testDateToString" classname="org.summerclouds.common.core.test.MCastTest" time="0.001"/>
</testsuite>